# JRE version: Java(TM) SE Runtime Environment (8.0_271-b09) (build 1.8.0_271-b09)
# Java VM: Java HotSpot(TM) 64-Bit Server VM (25.271-b09 mixed mode windows-amd64 compressed oops)
Heap:
 PSYoungGen      total 37888K, used 26841K [0x00000000d6000000, 0x00000000daa00000, 0x0000000100000000)
  eden space 32768K, 66% used [0x00000000d6000000,0x00000000d75642a0,0x00000000d8000000)
  from space 5120K, 96% used [0x00000000d8500000,0x00000000d89d22d8,0x00000000d8a00000)
  to   space 5120K, 0% used [0x00000000d8000000,0x00000000d8000000,0x00000000d8500000)
 ParOldGen       total 86016K, used 40754K [0x0000000082000000, 0x0000000087400000, 0x00000000d6000000)
  object space 86016K, 47% used [0x0000000082000000,0x00000000847ccb88,0x0000000087400000)
 Metaspace       used 15991K, capacity 16300K, committed 16512K, reserved 1062912K
  class space    used 2026K, capacity 2109K, committed 2176K, reserved 1048576K
GC Heap History (4 events):
Event: 3.590 GC heap before
{Heap before GC invocations=1 (full 0):
 PSYoungGen      total 37888K, used 28714K [0x00000000d6000000, 0x00000000d8a00000, 0x0000000100000000)
  eden space 32768K, 87% used [0x00000000d6000000,0x00000000d7c0a8e8,0x00000000d8000000)
  from space 5120K, 0% used [0x00000000d8500000,0x00000000d8500000,0x00000000d8a00000)
  to   space 5120K, 0% used [0x00000000d8000000,0x00000000d8000000,0x00000000d8500000)
 ParOldGen       total 86016K, used 0K [0x0000000082000000, 0x0000000087400000, 0x00000000d6000000)
  object space 86016K, 0% used [0x0000000082000000,0x0000000082000000,0x0000000087400000)
 Metaspace       used 15179K, capacity 15358K, committed 15744K, reserved 1062912K
  class space    used 1988K, capacity 2071K, committed 2176K, reserved 1048576K
Event: 3.601 GC heap after
Heap after GC invocations=1 (full 0):
 PSYoungGen      total 37888K, used 5036K [0x00000000d6000000, 0x00000000d8a00000, 0x0000000100000000)
  eden space 32768K, 0% used [0x00000000d6000000,0x00000000d6000000,0x00000000d8000000)
  from space 5120K, 98% used [0x00000000d8000000,0x00000000d84eb210,0x00000000d8500000)
  to   space 5120K, 0% used [0x00000000d8500000,0x00000000d8500000,0x00000000d8a00000)
 ParOldGen       total 86016K, used 11633K [0x0000000082000000, 0x0000000087400000, 0x00000000d6000000)
  object space 86016K, 13% used [0x0000000082000000,0x0000000082b5c4f8,0x0000000087400000)
 Metaspace       used 15179K, capacity 15358K, committed 15744K, reserved 1062912K
  class space    used 1988K, capacity 2071K, committed 2176K, reserved 1048576K
}
Event: 3.700 GC heap before
{Heap before GC invocations=2 (full 0):
 PSYoungGen      total 37888K, used 37499K [0x00000000d6000000, 0x00000000d8a00000, 0x0000000100000000)
  eden space 32768K, 99% used [0x00000000d6000000,0x00000000d7fb3c98,0x00000000d8000000)
  from space 5120K, 98% used [0x00000000d8000000,0x00000000d84eb210,0x00000000d8500000)
  to   space 5120K, 0% used [0x00000000d8500000,0x00000000d8500000,0x00000000d8a00000)
 ParOldGen       total 86016K, used 11633K [0x0000000082000000, 0x0000000087400000, 0x00000000d6000000)
  object space 86016K, 13% used [0x0000000082000000,0x0000000082b5c4f8,0x0000000087400000)
 Metaspace       used 15753K, capacity 16044K, committed 16256K, reserved 1062912K
  class space    used 2024K, capacity 2109K, committed 2176K, reserved 1048576K
Event: 3.715 GC heap after
Heap after GC invocations=2 (full 0):
 PSYoungGen      total 37888K, used 4936K [0x00000000d6000000, 0x00000000daa00000, 0x0000000100000000)
  eden space 32768K, 0% used [0x00000000d6000000,0x00000000d6000000,0x00000000d8000000)
  from space 5120K, 96% used [0x00000000d8500000,0x00000000d89d22d8,0x00000000d8a00000)
  to   space 5120K, 0% used [0x00000000d8000000,0x00000000d8000000,0x00000000d8500000)
 ParOldGen       total 86016K, used 40754K [0x0000000082000000, 0x0000000087400000, 0x00000000d6000000)
  object space 86016K, 47% used [0x0000000082000000,0x00000000847ccb88,0x0000000087400000)
 Metaspace       used 15753K, capacity 16044K, committed 16256K, reserved 1062912K
  class space    used 2024K, capacity 2109K, committed 2176K, reserved 1048576K
}

